# JRE version: OpenJDK Runtime Environment Temurin-21.0.5+11 (21.0.5+11) (build 21.0.5+11-LTS)
# Java VM: OpenJDK 64-Bit Server VM Temurin-21.0.5+11 (21.0.5+11-LTS, mixed mode, emulated-client, sharing, tiered, compressed oops, compressed class ptrs, g1 gc, linux-amd64)
GC Precious Log:
 CardTable entry size: 512
 Card Set container configuration: InlinePtr #cards 4 size 8 Array Of Cards #cards 16 size 48 Howl #buckets 8 coarsen threshold 3686 Howl Bitmap #cards 512 size 80 coarsen threshold 460 Card regions per heap region 1 cards per card region 4096
 CPUs: 12 total, 12 available
 Memory: 15678M
 Large Page Support: Disabled
 NUMA Support: Disabled
 Compressed Oops: Enabled (Zero based)
 Heap Region Size: 2M
 Heap Min Capacity: 8M
 Heap Initial Capacity: 246M
 Heap Max Capacity: 3920M
 Pre-touch: Disabled
 Parallel Workers: 10
 Concurrent Workers: 3
 Concurrent Refinement Workers: 10
 Periodic GC: Disabled
Heap:
 garbage-first heap   total 172032K, used 122969K [0x000000070b000000, 0x0000000800000000)
  region size 2048K, 35 young (71680K), 5 survivors (10240K)
 Metaspace       used 99108K, committed 100032K, reserved 1179648K
  class space    used 14046K, committed 14464K, reserved 1048576K
GC Heap History (20 events):
Event: 520,520 GC heap before
{Heap before GC invocations=33 (full 1):
 garbage-first heap   total 172032K, used 138147K [0x000000070b000000, 0x0000000800000000)
  region size 2048K, 50 young (102400K), 4 survivors (8192K)
 Metaspace       used 96698K, committed 97664K, reserved 1179648K
  class space    used 13779K, committed 14272K, reserved 1048576K
}
Event: 520,524 GC heap after
{Heap after GC invocations=34 (full 1):
 garbage-first heap   total 172032K, used 49417K [0x000000070b000000, 0x0000000800000000)
  region size 2048K, 7 young (14336K), 7 survivors (14336K)
 Metaspace       used 96698K, committed 97664K, reserved 1179648K
  class space    used 13779K, committed 14272K, reserved 1048576K
}
Event: 521,095 GC heap before
{Heap before GC invocations=34 (full 1):
 garbage-first heap   total 172032K, used 137481K [0x000000070b000000, 0x0000000800000000)
  region size 2048K, 50 young (102400K), 7 survivors (14336K)
 Metaspace       used 97039K, committed 97984K, reserved 1179648K
  class space    used 13830K, committed 14272K, reserved 1048576K
}
Event: 521,101 GC heap after
{Heap after GC invocations=35 (full 1):
 garbage-first heap   total 172032K, used 53887K [0x000000070b000000, 0x0000000800000000)
  region size 2048K, 6 young (12288K), 6 survivors (12288K)
 Metaspace       used 97039K, committed 97984K, reserved 1179648K
  class space    used 13830K, committed 14272K, reserved 1048576K
}
Event: 574,826 GC heap before
{Heap before GC invocations=35 (full 1):
 garbage-first heap   total 172032K, used 96895K [0x000000070b000000, 0x0000000800000000)
  region size 2048K, 29 young (59392K), 6 survivors (12288K)
 Metaspace       used 97351K, committed 98304K, reserved 1179648K
  class space    used 13861K, committed 14272K, reserved 1048576K
}
Event: 574,923 GC heap after
{Heap after GC invocations=36 (full 2):
 garbage-first heap   total 172032K, used 43544K [0x000000070b000000, 0x0000000800000000)
  region size 2048K, 0 young (0K), 0 survivors (0K)
 Metaspace       used 97168K, committed 98304K, reserved 1179648K
  class space    used 13819K, committed 14272K, reserved 1048576K
}
Event: 575,738 GC heap before
{Heap before GC invocations=36 (full 2):
 garbage-first heap   total 172032K, used 143896K [0x000000070b000000, 0x0000000800000000)
  region size 2048K, 50 young (102400K), 0 survivors (0K)
 Metaspace       used 97596K, committed 98496K, reserved 1179648K
  class space    used 13908K, committed 14272K, reserved 1048576K
}
Event: 575,741 GC heap after
{Heap after GC invocations=37 (full 2):
 garbage-first heap   total 172032K, used 50350K [0x000000070b000000, 0x0000000800000000)
  region size 2048K, 4 young (8192K), 4 survivors (8192K)
 Metaspace       used 97596K, committed 98496K, reserved 1179648K
  class space    used 13908K, committed 14272K, reserved 1048576K
}
Event: 576,299 GC heap before
{Heap before GC invocations=38 (full 2):
 garbage-first heap   total 172032K, used 144558K [0x000000070b000000, 0x0000000800000000)
  region size 2048K, 50 young (102400K), 4 survivors (8192K)
 Metaspace       used 98152K, committed 99136K, reserved 1179648K
  class space    used 13963K, committed 14400K, reserved 1048576K
}
Event: 576,302 GC heap after
{Heap after GC invocations=39 (full 2):
 garbage-first heap   total 172032K, used 54344K [0x000000070b000000, 0x0000000800000000)
  region size 2048K, 6 young (12288K), 6 survivors (12288K)
 Metaspace       used 98152K, committed 99136K, reserved 1179648K
  class space    used 13963K, committed 14400K, reserved 1048576K
}
Event: 576,648 GC heap before
{Heap before GC invocations=39 (full 2):
 garbage-first heap   total 172032K, used 140360K [0x000000070b000000, 0x0000000800000000)
  region size 2048K, 48 young (98304K), 6 survivors (12288K)
 Metaspace       used 98159K, committed 99136K, reserved 1179648K
  class space    used 13965K, committed 14400K, reserved 1048576K
}
Event: 576,652 GC heap after
{Heap after GC invocations=40 (full 2):
 garbage-first heap   total 172032K, used 53619K [0x000000070b000000, 0x0000000800000000)
  region size 2048K, 3 young (6144K), 3 survivors (6144K)
 Metaspace       used 98159K, committed 99136K, reserved 1179648K
  class space    used 13965K, committed 14400K, reserved 1048576K
}
Event: 736,751 GC heap before
{Heap before GC invocations=40 (full 2):
 garbage-first heap   total 172032K, used 86387K [0x000000070b000000, 0x0000000800000000)
  region size 2048K, 21 young (43008K), 3 survivors (6144K)
 Metaspace       used 98369K, committed 99328K, reserved 1179648K
  class space    used 13982K, committed 14400K, reserved 1048576K
}
Event: 736,830 GC heap after
{Heap after GC invocations=41 (full 3):
 garbage-first heap   total 172032K, used 50574K [0x000000070b000000, 0x0000000800000000)
  region size 2048K, 0 young (0K), 0 survivors (0K)
 Metaspace       used 98359K, committed 99328K, reserved 1179648K
  class space    used 13980K, committed 14400K, reserved 1048576K
}
Event: 737,149 GC heap before
{Heap before GC invocations=41 (full 3):
 garbage-first heap   total 172032K, used 148878K [0x000000070b000000, 0x0000000800000000)
  region size 2048K, 49 young (100352K), 0 survivors (0K)
 Metaspace       used 98770K, committed 99712K, reserved 1179648K
  class space    used 14049K, committed 14464K, reserved 1048576K
}
Event: 737,153 GC heap after
{Heap after GC invocations=42 (full 3):
 garbage-first heap   total 172032K, used 57301K [0x000000070b000000, 0x0000000800000000)
  region size 2048K, 4 young (8192K), 4 survivors (8192K)
 Metaspace       used 98770K, committed 99712K, reserved 1179648K
  class space    used 14049K, committed 14464K, reserved 1048576K
}
Event: 738,688 GC heap before
{Heap before GC invocations=43 (full 3):
 garbage-first heap   total 172032K, used 143317K [0x000000070b000000, 0x0000000800000000)
  region size 2048K, 47 young (96256K), 4 survivors (8192K)
 Metaspace       used 99030K, committed 99904K, reserved 1179648K
  class space    used 14032K, committed 14464K, reserved 1048576K
}
Event: 738,694 GC heap after
{Heap after GC invocations=44 (full 3):
 garbage-first heap   total 172032K, used 61529K [0x000000070b000000, 0x0000000800000000)
  region size 2048K, 6 young (12288K), 6 survivors (12288K)
 Metaspace       used 99030K, committed 99904K, reserved 1179648K
  class space    used 14032K, committed 14464K, reserved 1048576K
}
Event: 739,147 GC heap before
{Heap before GC invocations=44 (full 3):
 garbage-first heap   total 172032K, used 141401K [0x000000070b000000, 0x0000000800000000)
  region size 2048K, 45 young (92160K), 6 survivors (12288K)
 Metaspace       used 99041K, committed 99968K, reserved 1179648K
  class space    used 14035K, committed 14464K, reserved 1048576K
}
Event: 739,152 GC heap after
{Heap after GC invocations=45 (full 3):
 garbage-first heap   total 172032K, used 63577K [0x000000070b000000, 0x0000000800000000)
  region size 2048K, 5 young (10240K), 5 survivors (10240K)
 Metaspace       used 99041K, committed 99968K, reserved 1179648K
  class space    used 14035K, committed 14464K, reserved 1048576K
}

